<?xml version="1.0" encoding="UTF-8"?>
<!-- Generated by org.testng.reporters.JUnitXMLReporter -->
<testsuite ignored="0" hostname="CLVITN-6D9BJG3" failures="1" tests="3" name="TestRail Tests " time="34.674" errors="0" timestamp="2023-04-04T12:46:15 CEST">
  <testcase classname="com.idera.testrail.tests.HomePageTest" name="invalidTest" time="0.017">
    <failure type="java.lang.AssertionError">
      <![CDATA[java.lang.AssertionError: 
at com.idera.testrail.tests.HomePageTest.invalidTest(HomePageTest.java:54)
at java.base/java.util.ArrayList.forEach(ArrayList.java:1541)
... Removed 34 stack frames]]>
    </failure>
  </testcase> <!-- invalidTest -->
  <testcase classname="com.idera.testrail.tests.HomePageTest" name="verifyPresenceOfDemoLinkOnHomePage" time="0.165"/>
  <testcase classname="com.idera.testrail.tests.HomePageTest" name="verifyTitleOfHomePage" time="0.01"/>
</testsuite> <!-- TestRail Tests  -->
